D, [2015-09-04T15:00:43.481670 #1973] DEBUG -- : REQUESTING PAGE: GET / with {} and HTTP headers {}
D, [2015-09-04T15:00:43.631723 #1973] DEBUG -- : REQUESTING PAGE: GET / with {} and HTTP headers {}
D, [2015-09-04T15:00:43.657685 #1973] DEBUG -- : REQUESTING PAGE: POST /juego with {"nombre_jugador1"=>"HIRO", "rol_jugador1"=>"Seleccione", "nombre_jugador2"=>"EDSON", "rol_jugador2"=>"Seleccione"} and HTTP headers {"HTTP_REFERER"=>"/"}
D, [2015-09-04T15:00:43.676321 #1973] DEBUG -- : REQUESTING PAGE: GET / with {} and HTTP headers {}
D, [2015-09-04T15:00:43.703106 #1973] DEBUG -- : REQUESTING PAGE: POST /juego with {"nombre_jugador1"=>"HIRO", "rol_jugador1"=>"Seleccione", "nombre_jugador2"=>"EDSON", "rol_jugador2"=>"Seleccione"} and HTTP headers {"HTTP_REFERER"=>"/"}
D, [2015-09-04T15:00:43.733429 #1973] DEBUG -- : REQUESTING PAGE: GET / with {} and HTTP headers {}
D, [2015-09-04T15:00:43.820269 #1973] DEBUG -- : REQUESTING PAGE: POST /juego with {"nombre_jugador1"=>"HIRO", "rol_jugador1"=>"Seleccione", "nombre_jugador2"=>"EDSON", "rol_jugador2"=>"Seleccione"} and HTTP headers {"HTTP_REFERER"=>"/"}
D, [2015-09-04T15:00:43.839340 #1973] DEBUG -- : REQUESTING PAGE: GET / with {} and HTTP headers {}
D, [2015-09-04T15:00:43.852148 #1973] DEBUG -- : REQUESTING PAGE: POST /juego with {"nombre_jugador1"=>"HIRO", "rol_jugador1"=>"Seleccione", "nombre_jugador2"=>"EDSON", "rol_jugador2"=>"Seleccione"} and HTTP headers {"HTTP_REFERER"=>"/"}
D, [2015-09-04T15:00:43.882228 #1973] DEBUG -- : REQUESTING PAGE: GET / with {} and HTTP headers {}
D, [2015-09-04T15:00:43.892428 #1973] DEBUG -- : REQUESTING PAGE: POST /juego with {"nombre_jugador1"=>"HIRO", "rol_jugador1"=>"Seleccione", "nombre_jugador2"=>"EDSON", "rol_jugador2"=>"Seleccione"} and HTTP headers {"HTTP_REFERER"=>"/"}
D, [2015-09-04T15:00:43.952557 #1973] DEBUG -- : REQUESTING PAGE: GET / with {} and HTTP headers {}
D, [2015-09-04T15:00:43.980470 #1973] DEBUG -- : REQUESTING PAGE: POST /juego with {"nombre_jugador1"=>"HIRO", "rol_jugador1"=>"Seleccione", "nombre_jugador2"=>"EDSON", "rol_jugador2"=>"Seleccione"} and HTTP headers {"HTTP_REFERER"=>"/"}
D, [2015-09-04T15:00:44.035533 #1973] DEBUG -- : REQUESTING PAGE: GET / with {} and HTTP headers {}
D, [2015-09-04T15:00:44.051040 #1973] DEBUG -- : REQUESTING PAGE: POST /juego with {"nombre_jugador1"=>"HIRO", "rol_jugador1"=>"Seleccione", "nombre_jugador2"=>"EDSON", "rol_jugador2"=>"Seleccione"} and HTTP headers {"HTTP_REFERER"=>"/"}
D, [2015-09-04T15:00:44.078222 #1973] DEBUG -- : REQUESTING PAGE: GET / with {} and HTTP headers {}
D, [2015-09-04T15:00:44.089716 #1973] DEBUG -- : REQUESTING PAGE: POST /juego with {"nombre_jugador1"=>"HIRO", "rol_jugador1"=>"Seleccione", "nombre_jugador2"=>"EDSON", "rol_jugador2"=>"Seleccione"} and HTTP headers {"HTTP_REFERER"=>"/"}
D, [2015-09-04T15:00:44.121803 #1973] DEBUG -- : REQUESTING PAGE: GET / with {} and HTTP headers {}
D, [2015-09-04T15:00:44.148439 #1973] DEBUG -- : REQUESTING PAGE: POST /juego with {"nombre_jugador1"=>"HIRO", "rol_jugador1"=>"Seleccione", "nombre_jugador2"=>"EDSON", "rol_jugador2"=>"Seleccione"} and HTTP headers {"HTTP_REFERER"=>"/"}
D, [2015-09-04T15:00:44.181895 #1973] DEBUG -- : REQUESTING PAGE: GET / with {} and HTTP headers {}
D, [2015-09-04T15:00:44.225623 #1973] DEBUG -- : REQUESTING PAGE: POST /juego with {"nombre_jugador1"=>"HIRO", "rol_jugador1"=>"Seleccione", "nombre_jugador2"=>"EDSON", "rol_jugador2"=>"Seleccione"} and HTTP headers {"HTTP_REFERER"=>"/"}
D, [2015-09-04T15:00:44.250557 #1973] DEBUG -- : REQUESTING PAGE: GET / with {} and HTTP headers {}
D, [2015-09-04T15:00:44.271836 #1973] DEBUG -- : REQUESTING PAGE: POST /juego with {"nombre_jugador1"=>"HIRO", "rol_jugador1"=>"Seleccione", "nombre_jugador2"=>"EDSON", "rol_jugador2"=>"Seleccione"} and HTTP headers {"HTTP_REFERER"=>"/"}
D, [2015-09-04T15:00:44.303121 #1973] DEBUG -- : REQUESTING PAGE: GET / with {} and HTTP headers {}
D, [2015-09-04T15:00:44.327460 #1973] DEBUG -- : REQUESTING PAGE: POST /juego with {"nombre_jugador1"=>"HIRO", "rol_jugador1"=>"Seleccione", "nombre_jugador2"=>"EDSON", "rol_jugador2"=>"Seleccione"} and HTTP headers {"HTTP_REFERER"=>"/"}
D, [2015-09-04T15:00:44.361204 #1973] DEBUG -- : REQUESTING PAGE: POST /resultado with "nombre_ganador=CRUZ" and HTTP headers {}
D, [2015-09-04T16:11:39.044176 #2009] DEBUG -- : REQUESTING PAGE: GET / with {} and HTTP headers {}
D, [2015-09-04T16:11:39.212598 #2009] DEBUG -- : REQUESTING PAGE: GET / with {} and HTTP headers {}
D, [2015-09-04T16:11:39.243536 #2009] DEBUG -- : REQUESTING PAGE: POST /juego with {"nombre_jugador1"=>"HIRO", "rol_jugador1"=>"Seleccione", "nombre_jugador2"=>"EDSON", "rol_jugador2"=>"Seleccione"} and HTTP headers {"HTTP_REFERER"=>"/"}
D, [2015-09-04T16:11:39.288549 #2009] DEBUG -- : REQUESTING PAGE: GET / with {} and HTTP headers {}
D, [2015-09-04T16:11:39.320828 #2009] DEBUG -- : REQUESTING PAGE: POST /juego with {"nombre_jugador1"=>"HIRO", "rol_jugador1"=>"Seleccione", "nombre_jugador2"=>"EDSON", "rol_jugador2"=>"Seleccione"} and HTTP headers {"HTTP_REFERER"=>"/"}
D, [2015-09-04T16:11:39.375052 #2009] DEBUG -- : REQUESTING PAGE: GET / with {} and HTTP headers {}
D, [2015-09-04T16:11:39.513483 #2009] DEBUG -- : REQUESTING PAGE: POST /juego with {"nombre_jugador1"=>"HIRO", "rol_jugador1"=>"Seleccione", "nombre_jugador2"=>"EDSON", "rol_jugador2"=>"Seleccione"} and HTTP headers {"HTTP_REFERER"=>"/"}
D, [2015-09-04T16:11:39.540891 #2009] DEBUG -- : REQUESTING PAGE: GET / with {} and HTTP headers {}
D, [2015-09-04T16:11:39.578709 #2009] DEBUG -- : REQUESTING PAGE: POST /juego with {"nombre_jugador1"=>"HIRO", "rol_jugador1"=>"Seleccione", "nombre_jugador2"=>"EDSON", "rol_jugador2"=>"Seleccione"} and HTTP headers {"HTTP_REFERER"=>"/"}
D, [2015-09-04T16:11:39.626699 #2009] DEBUG -- : REQUESTING PAGE: GET / with {} and HTTP headers {}
D, [2015-09-04T16:11:39.649769 #2009] DEBUG -- : REQUESTING PAGE: POST /juego with {"nombre_jugador1"=>"HIRO", "rol_jugador1"=>"Seleccione", "nombre_jugador2"=>"EDSON", "rol_jugador2"=>"Seleccione"} and HTTP headers {"HTTP_REFERER"=>"/"}
D, [2015-09-04T16:11:39.671834 #2009] DEBUG -- : REQUESTING PAGE: GET / with {} and HTTP headers {}
D, [2015-09-04T16:11:39.689942 #2009] DEBUG -- : REQUESTING PAGE: POST /juego with {"nombre_jugador1"=>"HIRO", "rol_jugador1"=>"Seleccione", "nombre_jugador2"=>"EDSON", "rol_jugador2"=>"Seleccione"} and HTTP headers {"HTTP_REFERER"=>"/"}
D, [2015-09-04T16:11:39.738929 #2009] DEBUG -- : REQUESTING PAGE: GET / with {} and HTTP headers {}
D, [2015-09-04T16:11:39.752564 #2009] DEBUG -- : REQUESTING PAGE: POST /juego with {"nombre_jugador1"=>"HIRO", "rol_jugador1"=>"Seleccione", "nombre_jugador2"=>"EDSON", "rol_jugador2"=>"Seleccione"} and HTTP headers {"HTTP_REFERER"=>"/"}
D, [2015-09-04T16:11:39.785174 #2009] DEBUG -- : REQUESTING PAGE: GET / with {} and HTTP headers {}
D, [2015-09-04T16:11:39.796229 #2009] DEBUG -- : REQUESTING PAGE: POST /juego with {"nombre_jugador1"=>"HIRO", "rol_jugador1"=>"Seleccione", "nombre_jugador2"=>"EDSON", "rol_jugador2"=>"Seleccione"} and HTTP headers {"HTTP_REFERER"=>"/"}
D, [2015-09-04T16:11:39.809973 #2009] DEBUG -- : REQUESTING PAGE: GET / with {} and HTTP headers {}
D, [2015-09-04T16:11:39.836411 #2009] DEBUG -- : REQUESTING PAGE: POST /juego with {"nombre_jugador1"=>"HIRO", "rol_jugador1"=>"Seleccione", "nombre_jugador2"=>"EDSON", "rol_jugador2"=>"Seleccione"} and HTTP headers {"HTTP_REFERER"=>"/"}
D, [2015-09-04T16:11:39.868080 #2009] DEBUG -- : REQUESTING PAGE: GET / with {} and HTTP headers {}
D, [2015-09-04T16:11:39.914428 #2009] DEBUG -- : REQUESTING PAGE: POST /juego with {"nombre_jugador1"=>"HIRO", "rol_jugador1"=>"Seleccione", "nombre_jugador2"=>"EDSON", "rol_jugador2"=>"Seleccione"} and HTTP headers {"HTTP_REFERER"=>"/"}
D, [2015-09-04T16:11:39.934982 #2009] DEBUG -- : REQUESTING PAGE: GET / with {} and HTTP headers {}
D, [2015-09-04T16:11:39.959011 #2009] DEBUG -- : REQUESTING PAGE: POST /juego with {"nombre_jugador1"=>"HIRO", "rol_jugador1"=>"Seleccione", "nombre_jugador2"=>"EDSON", "rol_jugador2"=>"Seleccione"} and HTTP headers {"HTTP_REFERER"=>"/"}
D, [2015-09-04T16:11:39.987598 #2009] DEBUG -- : REQUESTING PAGE: GET / with {} and HTTP headers {}
D, [2015-09-04T16:11:40.009990 #2009] DEBUG -- : REQUESTING PAGE: POST /juego with {"nombre_jugador1"=>"HIRO", "rol_jugador1"=>"Seleccione", "nombre_jugador2"=>"EDSON", "rol_jugador2"=>"Seleccione"} and HTTP headers {"HTTP_REFERER"=>"/"}
D, [2015-09-04T16:11:40.039739 #2009] DEBUG -- : REQUESTING PAGE: POST /resultado with "nombre_ganador=CRUZ" and HTTP headers {}
D, [2015-09-04T16:16:05.974077 #2016] DEBUG -- : REQUESTING PAGE: GET / with {} and HTTP headers {}
D, [2015-09-04T16:16:06.108482 #2016] DEBUG -- : REQUESTING PAGE: GET / with {} and HTTP headers {}
D, [2015-09-04T16:16:06.139137 #2016] DEBUG -- : REQUESTING PAGE: GET / with {} and HTTP headers {}
D, [2015-09-04T16:16:06.148563 #2016] DEBUG -- : REQUESTING PAGE: POST /juego with {"nombre_jugador1"=>"HIRO", "rol_jugador1"=>"Seleccione", "nombre_jugador2"=>"EDSON", "rol_jugador2"=>"Seleccione"} and HTTP headers {"HTTP_REFERER"=>"/"}
D, [2015-09-04T16:16:06.185308 #2016] DEBUG -- : REQUESTING PAGE: GET / with {} and HTTP headers {}
D, [2015-09-04T16:16:06.200408 #2016] DEBUG -- : REQUESTING PAGE: POST /juego with {"nombre_jugador1"=>"HIRO", "rol_jugador1"=>"Seleccione", "nombre_jugador2"=>"EDSON", "rol_jugador2"=>"Seleccione"} and HTTP headers {"HTTP_REFERER"=>"/"}
D, [2015-09-04T16:16:06.285053 #2016] DEBUG -- : REQUESTING PAGE: GET / with {} and HTTP headers {}
D, [2015-09-04T16:16:06.300876 #2016] DEBUG -- : REQUESTING PAGE: POST /juego with {"nombre_jugador1"=>"HIRO", "rol_jugador1"=>"Seleccione", "nombre_jugador2"=>"EDSON", "rol_jugador2"=>"Seleccione"} and HTTP headers {"HTTP_REFERER"=>"/"}
D, [2015-09-04T16:16:06.338598 #2016] DEBUG -- : REQUESTING PAGE: GET / with {} and HTTP headers {}
D, [2015-09-04T16:16:06.358620 #2016] DEBUG -- : REQUESTING PAGE: POST /juego with {"nombre_jugador1"=>"HIRO", "rol_jugador1"=>"Seleccione", "nombre_jugador2"=>"EDSON", "rol_jugador2"=>"Seleccione"} and HTTP headers {"HTTP_REFERER"=>"/"}
D, [2015-09-04T16:16:06.382308 #2016] DEBUG -- : REQUESTING PAGE: GET / with {} and HTTP headers {}
D, [2015-09-04T16:16:06.392248 #2016] DEBUG -- : REQUESTING PAGE: POST /juego with {"nombre_jugador1"=>"HIRO", "rol_jugador1"=>"Seleccione", "nombre_jugador2"=>"EDSON", "rol_jugador2"=>"Seleccione"} and HTTP headers {"HTTP_REFERER"=>"/"}
D, [2015-09-04T16:16:06.443202 #2016] DEBUG -- : REQUESTING PAGE: GET / with {} and HTTP headers {}
D, [2015-09-04T16:16:06.471264 #2016] DEBUG -- : REQUESTING PAGE: POST /juego with {"nombre_jugador1"=>"HIRO", "rol_jugador1"=>"Seleccione", "nombre_jugador2"=>"EDSON", "rol_jugador2"=>"Seleccione"} and HTTP headers {"HTTP_REFERER"=>"/"}
D, [2015-09-04T16:16:06.505901 #2016] DEBUG -- : REQUESTING PAGE: GET / with {} and HTTP headers {}
D, [2015-09-04T16:16:06.529036 #2016] DEBUG -- : REQUESTING PAGE: POST /juego with {"nombre_jugador1"=>"HIRO", "rol_jugador1"=>"Seleccione", "nombre_jugador2"=>"EDSON", "rol_jugador2"=>"Seleccione"} and HTTP headers {"HTTP_REFERER"=>"/"}
D, [2015-09-04T16:16:06.562856 #2016] DEBUG -- : REQUESTING PAGE: GET / with {} and HTTP headers {}
D, [2015-09-04T16:16:06.583159 #2016] DEBUG -- : REQUESTING PAGE: POST /juego with {"nombre_jugador1"=>"HIRO", "rol_jugador1"=>"Seleccione", "nombre_jugador2"=>"EDSON", "rol_jugador2"=>"Seleccione"} and HTTP headers {"HTTP_REFERER"=>"/"}
D, [2015-09-04T16:16:06.615806 #2016] DEBUG -- : REQUESTING PAGE: GET / with {} and HTTP headers {}
D, [2015-09-04T16:16:06.631039 #2016] DEBUG -- : REQUESTING PAGE: POST /juego with {"nombre_jugador1"=>"HIRO", "rol_jugador1"=>"Seleccione", "nombre_jugador2"=>"EDSON", "rol_jugador2"=>"Seleccione"} and HTTP headers {"HTTP_REFERER"=>"/"}
D, [2015-09-04T16:16:06.683038 #2016] DEBUG -- : REQUESTING PAGE: GET / with {} and HTTP headers {}
D, [2015-09-04T16:16:06.698572 #2016] DEBUG -- : REQUESTING PAGE: POST /juego with {"nombre_jugador1"=>"HIRO", "rol_jugador1"=>"Seleccione", "nombre_jugador2"=>"EDSON", "rol_jugador2"=>"Seleccione"} and HTTP headers {"HTTP_REFERER"=>"/"}
D, [2015-09-04T16:16:06.726110 #2016] DEBUG -- : REQUESTING PAGE: GET / with {} and HTTP headers {}
D, [2015-09-04T16:16:06.736238 #2016] DEBUG -- : REQUESTING PAGE: POST /juego with {"nombre_jugador1"=>"HIRO", "rol_jugador1"=>"Seleccione", "nombre_jugador2"=>"EDSON", "rol_jugador2"=>"Seleccione"} and HTTP headers {"HTTP_REFERER"=>"/"}
D, [2015-09-04T16:16:06.767522 #2016] DEBUG -- : REQUESTING PAGE: GET / with {} and HTTP headers {}
D, [2015-09-04T16:16:06.790944 #2016] DEBUG -- : REQUESTING PAGE: POST /juego with {"nombre_jugador1"=>"HIRO", "rol_jugador1"=>"Seleccione", "nombre_jugador2"=>"EDSON", "rol_jugador2"=>"Seleccione"} and HTTP headers {"HTTP_REFERER"=>"/"}
D, [2015-09-04T16:16:06.827668 #2016] DEBUG -- : REQUESTING PAGE: POST /resultado with "nombre_ganador=CRUZ" and HTTP headers {}
D, [2015-09-04T16:17:00.253264 #2020] DEBUG -- : REQUESTING PAGE: GET / with {} and HTTP headers {}
D, [2015-09-04T16:17:00.417281 #2020] DEBUG -- : REQUESTING PAGE: GET / with {} and HTTP headers {}
D, [2015-09-04T16:17:00.436851 #2020] DEBUG -- : REQUESTING PAGE: GET / with {} and HTTP headers {}
D, [2015-09-04T16:17:00.449428 #2020] DEBUG -- : REQUESTING PAGE: POST /juego with {"nombre_jugador1"=>"HIRO", "rol_jugador1"=>"Seleccione", "nombre_jugador2"=>"EDSON", "rol_jugador2"=>"Seleccione"} and HTTP headers {"HTTP_REFERER"=>"/"}
D, [2015-09-04T16:17:00.486865 #2020] DEBUG -- : REQUESTING PAGE: GET / with {} and HTTP headers {}
D, [2015-09-04T16:17:00.502500 #2020] DEBUG -- : REQUESTING PAGE: POST /juego with {"nombre_jugador1"=>"HIRO", "rol_jugador1"=>"Seleccione", "nombre_jugador2"=>"EDSON", "rol_jugador2"=>"Seleccione"} and HTTP headers {"HTTP_REFERER"=>"/"}
D, [2015-09-04T16:17:00.569906 #2020] DEBUG -- : REQUESTING PAGE: GET / with {} and HTTP headers {}
D, [2015-09-04T16:17:00.587065 #2020] DEBUG -- : REQUESTING PAGE: POST /juego with {"nombre_jugador1"=>"HIRO", "rol_jugador1"=>"Seleccione", "nombre_jugador2"=>"EDSON", "rol_jugador2"=>"Seleccione"} and HTTP headers {"HTTP_REFERER"=>"/"}
D, [2015-09-04T16:17:00.614270 #2020] DEBUG -- : REQUESTING PAGE: GET / with {} and HTTP headers {}
D, [2015-09-04T16:17:00.624102 #2020] DEBUG -- : REQUESTING PAGE: POST /juego with {"nombre_jugador1"=>"HIRO", "rol_jugador1"=>"Seleccione", "nombre_jugador2"=>"EDSON", "rol_jugador2"=>"Seleccione"} and HTTP headers {"HTTP_REFERER"=>"/"}
D, [2015-09-04T16:17:00.659247 #2020] DEBUG -- : REQUESTING PAGE: GET / with {} and HTTP headers {}
D, [2015-09-04T16:17:00.680920 #2020] DEBUG -- : REQUESTING PAGE: POST /juego with {"nombre_jugador1"=>"HIRO", "rol_jugador1"=>"Seleccione", "nombre_jugador2"=>"EDSON", "rol_jugador2"=>"Seleccione"} and HTTP headers {"HTTP_REFERER"=>"/"}
D, [2015-09-04T16:17:00.739431 #2020] DEBUG -- : REQUESTING PAGE: GET / with {} and HTTP headers {}
D, [2015-09-04T16:17:00.799623 #2020] DEBUG -- : REQUESTING PAGE: POST /juego with {"nombre_jugador1"=>"HIRO", "rol_jugador1"=>"Seleccione", "nombre_jugador2"=>"EDSON", "rol_jugador2"=>"Seleccione"} and HTTP headers {"HTTP_REFERER"=>"/"}
D, [2015-09-04T16:17:00.834292 #2020] DEBUG -- : REQUESTING PAGE: GET / with {} and HTTP headers {}
D, [2015-09-04T16:17:00.845055 #2020] DEBUG -- : REQUESTING PAGE: POST /juego with {"nombre_jugador1"=>"HIRO", "rol_jugador1"=>"Seleccione", "nombre_jugador2"=>"EDSON", "rol_jugador2"=>"Seleccione"} and HTTP headers {"HTTP_REFERER"=>"/"}
D, [2015-09-04T16:17:00.890741 #2020] DEBUG -- : REQUESTING PAGE: GET / with {} and HTTP headers {}
D, [2015-09-04T16:17:00.906782 #2020] DEBUG -- : REQUESTING PAGE: POST /juego with {"nombre_jugador1"=>"HIRO", "rol_jugador1"=>"Seleccione", "nombre_jugador2"=>"EDSON", "rol_jugador2"=>"Seleccione"} and HTTP headers {"HTTP_REFERER"=>"/"}
D, [2015-09-04T16:17:00.937119 #2020] DEBUG -- : REQUESTING PAGE: GET / with {} and HTTP headers {}
D, [2015-09-04T16:17:00.961043 #2020] DEBUG -- : REQUESTING PAGE: POST /juego with {"nombre_jugador1"=>"HIRO", "rol_jugador1"=>"Seleccione", "nombre_jugador2"=>"EDSON", "rol_jugador2"=>"Seleccione"} and HTTP headers {"HTTP_REFERER"=>"/"}
D, [2015-09-04T16:17:01.021439 #2020] DEBUG -- : REQUESTING PAGE: GET / with {} and HTTP headers {}
D, [2015-09-04T16:17:01.044211 #2020] DEBUG -- : REQUESTING PAGE: POST /juego with {"nombre_jugador1"=>"HIRO", "rol_jugador1"=>"Seleccione", "nombre_jugador2"=>"EDSON", "rol_jugador2"=>"Seleccione"} and HTTP headers {"HTTP_REFERER"=>"/"}
D, [2015-09-04T16:17:01.109704 #2020] DEBUG -- : REQUESTING PAGE: GET / with {} and HTTP headers {}
D, [2015-09-04T16:17:01.145055 #2020] DEBUG -- : REQUESTING PAGE: POST /juego with {"nombre_jugador1"=>"HIRO", "rol_jugador1"=>"Seleccione", "nombre_jugador2"=>"EDSON", "rol_jugador2"=>"Seleccione"} and HTTP headers {"HTTP_REFERER"=>"/"}
D, [2015-09-04T16:17:01.171455 #2020] DEBUG -- : REQUESTING PAGE: GET / with {} and HTTP headers {}
D, [2015-09-04T16:17:01.191276 #2020] DEBUG -- : REQUESTING PAGE: POST /juego with {"nombre_jugador1"=>"HIRO", "rol_jugador1"=>"Seleccione", "nombre_jugador2"=>"EDSON", "rol_jugador2"=>"Seleccione"} and HTTP headers {"HTTP_REFERER"=>"/"}
D, [2015-09-04T16:17:01.237338 #2020] DEBUG -- : REQUESTING PAGE: POST /resultado with "nombre_ganador=CRUZ" and HTTP headers {}
D, [2015-09-04T16:19:46.007810 #2031] DEBUG -- : REQUESTING PAGE: GET / with {} and HTTP headers {}
D, [2015-09-04T16:19:46.145917 #2031] DEBUG -- : REQUESTING PAGE: GET / with {} and HTTP headers {}
D, [2015-09-04T16:19:46.170567 #2031] DEBUG -- : REQUESTING PAGE: GET / with {} and HTTP headers {}
D, [2015-09-04T16:19:46.184722 #2031] DEBUG -- : REQUESTING PAGE: GET / with {} and HTTP headers {}
D, [2015-09-04T16:19:46.209044 #2031] DEBUG -- : REQUESTING PAGE: POST /juego with {"nombre_jugador1"=>"HIRO", "rol_jugador1"=>"Seleccione", "nombre_jugador2"=>"EDSON", "rol_jugador2"=>"Seleccione"} and HTTP headers {"HTTP_REFERER"=>"/"}
D, [2015-09-04T16:19:46.239620 #2031] DEBUG -- : REQUESTING PAGE: GET / with {} and HTTP headers {}
D, [2015-09-04T16:19:46.304379 #2031] DEBUG -- : REQUESTING PAGE: POST /juego with {"nombre_jugador1"=>"HIRO", "rol_jugador1"=>"Seleccione", "nombre_jugador2"=>"EDSON", "rol_jugador2"=>"Seleccione"} and HTTP headers {"HTTP_REFERER"=>"/"}
D, [2015-09-04T16:19:46.334659 #2031] DEBUG -- : REQUESTING PAGE: GET / with {} and HTTP headers {}
D, [2015-09-04T16:19:46.349120 #2031] DEBUG -- : REQUESTING PAGE: POST /juego with {"nombre_jugador1"=>"HIRO", "rol_jugador1"=>"Seleccione", "nombre_jugador2"=>"EDSON", "rol_jugador2"=>"Seleccione"} and HTTP headers {"HTTP_REFERER"=>"/"}
D, [2015-09-04T16:19:46.372465 #2031] DEBUG -- : REQUESTING PAGE: GET / with {} and HTTP headers {}
D, [2015-09-04T16:19:46.386911 #2031] DEBUG -- : REQUESTING PAGE: POST /juego with {"nombre_jugador1"=>"HIRO", "rol_jugador1"=>"Seleccione", "nombre_jugador2"=>"EDSON", "rol_jugador2"=>"Seleccione"} and HTTP headers {"HTTP_REFERER"=>"/"}
D, [2015-09-04T16:19:46.418214 #2031] DEBUG -- : REQUESTING PAGE: GET / with {} and HTTP headers {}
D, [2015-09-04T16:19:46.431343 #2031] DEBUG -- : REQUESTING PAGE: POST /juego with {"nombre_jugador1"=>"HIRO", "rol_jugador1"=>"Seleccione", "nombre_jugador2"=>"EDSON", "rol_jugador2"=>"Seleccione"} and HTTP headers {"HTTP_REFERER"=>"/"}
D, [2015-09-04T16:19:46.490603 #2031] DEBUG -- : REQUESTING PAGE: GET / with {} and HTTP headers {}
D, [2015-09-04T16:19:46.499228 #2031] DEBUG -- : REQUESTING PAGE: POST /juego with {"nombre_jugador1"=>"HIRO", "rol_jugador1"=>"Seleccione", "nombre_jugador2"=>"EDSON", "rol_jugador2"=>"Seleccione"} and HTTP headers {"HTTP_REFERER"=>"/"}
D, [2015-09-04T16:19:46.533615 #2031] DEBUG -- : REQUESTING PAGE: GET / with {} and HTTP headers {}
D, [2015-09-04T16:19:46.543339 #2031] DEBUG -- : REQUESTING PAGE: POST /juego with {"nombre_jugador1"=>"HIRO", "rol_jugador1"=>"Seleccione", "nombre_jugador2"=>"EDSON", "rol_jugador2"=>"Seleccione"} and HTTP headers {"HTTP_REFERER"=>"/"}
D, [2015-09-04T16:19:46.572657 #2031] DEBUG -- : REQUESTING PAGE: GET / with {} and HTTP headers {}
D, [2015-09-04T16:19:46.592670 #2031] DEBUG -- : REQUESTING PAGE: POST /juego with {"nombre_jugador1"=>"HIRO", "rol_jugador1"=>"Seleccione", "nombre_jugador2"=>"EDSON", "rol_jugador2"=>"Seleccione"} and HTTP headers {"HTTP_REFERER"=>"/"}
D, [2015-09-04T16:19:46.619215 #2031] DEBUG -- : REQUESTING PAGE: GET / with {} and HTTP headers {}
D, [2015-09-04T16:19:46.670799 #2031] DEBUG -- : REQUESTING PAGE: POST /juego with {"nombre_jugador1"=>"HIRO", "rol_jugador1"=>"Seleccione", "nombre_jugador2"=>"EDSON", "rol_jugador2"=>"Seleccione"} and HTTP headers {"HTTP_REFERER"=>"/"}
D, [2015-09-04T16:19:46.699891 #2031] DEBUG -- : REQUESTING PAGE: GET / with {} and HTTP headers {}
D, [2015-09-04T16:19:46.722326 #2031] DEBUG -- : REQUESTING PAGE: POST /juego with {"nombre_jugador1"=>"HIRO", "rol_jugador1"=>"Seleccione", "nombre_jugador2"=>"EDSON", "rol_jugador2"=>"Seleccione"} and HTTP headers {"HTTP_REFERER"=>"/"}
D, [2015-09-04T16:19:46.755373 #2031] DEBUG -- : REQUESTING PAGE: GET / with {} and HTTP headers {}
D, [2015-09-04T16:19:46.764812 #2031] DEBUG -- : REQUESTING PAGE: POST /juego with {"nombre_jugador1"=>"HIRO", "rol_jugador1"=>"Seleccione", "nombre_jugador2"=>"EDSON", "rol_jugador2"=>"Seleccione"} and HTTP headers {"HTTP_REFERER"=>"/"}
D, [2015-09-04T16:19:46.792850 #2031] DEBUG -- : REQUESTING PAGE: GET / with {} and HTTP headers {}
D, [2015-09-04T16:19:46.816815 #2031] DEBUG -- : REQUESTING PAGE: POST /juego with {"nombre_jugador1"=>"HIRO", "rol_jugador1"=>"Seleccione", "nombre_jugador2"=>"EDSON", "rol_jugador2"=>"Seleccione"} and HTTP headers {"HTTP_REFERER"=>"/"}
D, [2015-09-04T16:19:46.863909 #2031] DEBUG -- : REQUESTING PAGE: POST /resultado with "nombre_ganador=CRUZ" and HTTP headers {}
D, [2015-09-04T16:20:30.262569 #2034] DEBUG -- : REQUESTING PAGE: GET / with {} and HTTP headers {}
D, [2015-09-04T16:20:30.421461 #2034] DEBUG -- : REQUESTING PAGE: GET / with {} and HTTP headers {}
D, [2015-09-04T16:20:30.438527 #2034] DEBUG -- : REQUESTING PAGE: GET / with {} and HTTP headers {}
D, [2015-09-04T16:20:30.449838 #2034] DEBUG -- : REQUESTING PAGE: POST /juego with {"nombre_jugador1"=>"HIRO", "rol_jugador1"=>"Seleccione", "nombre_jugador2"=>"EDSON", "rol_jugador2"=>"Seleccione"} and HTTP headers {"HTTP_REFERER"=>"/"}
D, [2015-09-04T16:20:30.484381 #2034] DEBUG -- : REQUESTING PAGE: GET / with {} and HTTP headers {}
D, [2015-09-04T16:20:30.495976 #2034] DEBUG -- : REQUESTING PAGE: POST /juego with {"nombre_jugador1"=>"HIRO", "rol_jugador1"=>"Seleccione", "nombre_jugador2"=>"EDSON", "rol_jugador2"=>"Seleccione"} and HTTP headers {"HTTP_REFERER"=>"/"}
D, [2015-09-04T16:20:30.568624 #2034] DEBUG -- : REQUESTING PAGE: GET / with {} and HTTP headers {}
D, [2015-09-04T16:20:30.586845 #2034] DEBUG -- : REQUESTING PAGE: POST /juego with {"nombre_jugador1"=>"HIRO", "rol_jugador1"=>"Seleccione", "nombre_jugador2"=>"EDSON", "rol_jugador2"=>"Seleccione"} and HTTP headers {"HTTP_REFERER"=>"/"}
D, [2015-09-04T16:20:30.615344 #2034] DEBUG -- : REQUESTING PAGE: GET / with {} and HTTP headers {}
D, [2015-09-04T16:20:30.631308 #2034] DEBUG -- : REQUESTING PAGE: POST /juego with {"nombre_jugador1"=>"HIRO", "rol_jugador1"=>"Seleccione", "nombre_jugador2"=>"EDSON", "rol_jugador2"=>"Seleccione"} and HTTP headers {"HTTP_REFERER"=>"/"}
D, [2015-09-04T16:20:30.683518 #2034] DEBUG -- : REQUESTING PAGE: GET / with {} and HTTP headers {}
D, [2015-09-04T16:20:30.710667 #2034] DEBUG -- : REQUESTING PAGE: POST /juego with {"nombre_jugador1"=>"HIRO", "rol_jugador1"=>"Seleccione", "nombre_jugador2"=>"EDSON", "rol_jugador2"=>"Seleccione"} and HTTP headers {"HTTP_REFERER"=>"/"}
D, [2015-09-04T16:20:30.757243 #2034] DEBUG -- : REQUESTING PAGE: GET / with {} and HTTP headers {}
D, [2015-09-04T16:20:30.793946 #2034] DEBUG -- : REQUESTING PAGE: POST /juego with {"nombre_jugador1"=>"HIRO", "rol_jugador1"=>"Seleccione", "nombre_jugador2"=>"EDSON", "rol_jugador2"=>"Seleccione"} and HTTP headers {"HTTP_REFERER"=>"/"}
D, [2015-09-04T16:20:30.834357 #2034] DEBUG -- : REQUESTING PAGE: GET / with {} and HTTP headers {}
D, [2015-09-04T16:20:30.844659 #2034] DEBUG -- : REQUESTING PAGE: POST /juego with {"nombre_jugador1"=>"HIRO", "rol_jugador1"=>"Seleccione", "nombre_jugador2"=>"EDSON", "rol_jugador2"=>"Seleccione"} and HTTP headers {"HTTP_REFERER"=>"/"}
D, [2015-09-04T16:20:30.879645 #2034] DEBUG -- : REQUESTING PAGE: GET / with {} and HTTP headers {}
D, [2015-09-04T16:20:30.912038 #2034] DEBUG -- : REQUESTING PAGE: POST /juego with {"nombre_jugador1"=>"HIRO", "rol_jugador1"=>"Seleccione", "nombre_jugador2"=>"EDSON", "rol_jugador2"=>"Seleccione"} and HTTP headers {"HTTP_REFERER"=>"/"}
D, [2015-09-04T16:20:30.941044 #2034] DEBUG -- : REQUESTING PAGE: GET / with {} and HTTP headers {}
D, [2015-09-04T16:20:30.971292 #2034] DEBUG -- : REQUESTING PAGE: POST /juego with {"nombre_jugador1"=>"HIRO", "rol_jugador1"=>"Seleccione", "nombre_jugador2"=>"EDSON", "rol_jugador2"=>"Seleccione"} and HTTP headers {"HTTP_REFERER"=>"/"}
D, [2015-09-04T16:20:31.023157 #2034] DEBUG -- : REQUESTING PAGE: GET / with {} and HTTP headers {}
D, [2015-09-04T16:20:31.040655 #2034] DEBUG -- : REQUESTING PAGE: POST /juego with {"nombre_jugador1"=>"HIRO", "rol_jugador1"=>"Seleccione", "nombre_jugador2"=>"EDSON", "rol_jugador2"=>"Seleccione"} and HTTP headers {"HTTP_REFERER"=>"/"}
D, [2015-09-04T16:20:31.067667 #2034] DEBUG -- : REQUESTING PAGE: GET / with {} and HTTP headers {}
D, [2015-09-04T16:20:31.078185 #2034] DEBUG -- : REQUESTING PAGE: POST /juego with {"nombre_jugador1"=>"HIRO", "rol_jugador1"=>"Seleccione", "nombre_jugador2"=>"EDSON", "rol_jugador2"=>"Seleccione"} and HTTP headers {"HTTP_REFERER"=>"/"}
D, [2015-09-04T16:20:31.106755 #2034] DEBUG -- : REQUESTING PAGE: GET / with {} and HTTP headers {}
D, [2015-09-04T16:20:31.130252 #2034] DEBUG -- : REQUESTING PAGE: POST /juego with {"nombre_jugador1"=>"HIRO", "rol_jugador1"=>"Seleccione", "nombre_jugador2"=>"EDSON", "rol_jugador2"=>"Seleccione"} and HTTP headers {"HTTP_REFERER"=>"/"}
D, [2015-09-04T16:20:31.156101 #2034] DEBUG -- : REQUESTING PAGE: POST /resultado with "nombre_ganador=CRUZ" and HTTP headers {}
D, [2015-09-04T16:20:48.711945 #2037] DEBUG -- : REQUESTING PAGE: GET / with {} and HTTP headers {}
D, [2015-09-04T16:20:48.832954 #2037] DEBUG -- : REQUESTING PAGE: GET / with {} and HTTP headers {}
D, [2015-09-04T16:20:48.853222 #2037] DEBUG -- : REQUESTING PAGE: GET / with {} and HTTP headers {}
D, [2015-09-04T16:20:48.863221 #2037] DEBUG -- : REQUESTING PAGE: POST /juego with {"nombre_jugador1"=>"HIRO", "rol_jugador1"=>"Seleccione", "nombre_jugador2"=>"EDSON", "rol_jugador2"=>"Seleccione"} and HTTP headers {"HTTP_REFERER"=>"/"}
D, [2015-09-04T16:20:48.909077 #2037] DEBUG -- : REQUESTING PAGE: GET / with {} and HTTP headers {}
D, [2015-09-04T16:20:48.929119 #2037] DEBUG -- : REQUESTING PAGE: POST /juego with {"nombre_jugador1"=>"HIRO", "rol_jugador1"=>"Seleccione", "nombre_jugador2"=>"EDSON", "rol_jugador2"=>"Seleccione"} and HTTP headers {"HTTP_REFERER"=>"/"}
D, [2015-09-04T16:20:49.003414 #2037] DEBUG -- : REQUESTING PAGE: GET / with {} and HTTP headers {}
D, [2015-09-04T16:20:49.014441 #2037] DEBUG -- : REQUESTING PAGE: POST /juego with {"nombre_jugador1"=>"HIRO", "rol_jugador1"=>"Seleccione", "nombre_jugador2"=>"EDSON", "rol_jugador2"=>"Seleccione"} and HTTP headers {"HTTP_REFERER"=>"/"}
D, [2015-09-04T16:20:49.048828 #2037] DEBUG -- : REQUESTING PAGE: GET / with {} and HTTP headers {}
D, [2015-09-04T16:20:49.060119 #2037] DEBUG -- : REQUESTING PAGE: POST /juego with {"nombre_jugador1"=>"HIRO", "rol_jugador1"=>"Seleccione", "nombre_jugador2"=>"EDSON", "rol_jugador2"=>"Seleccione"} and HTTP headers {"HTTP_REFERER"=>"/"}
D, [2015-09-04T16:20:49.092527 #2037] DEBUG -- : REQUESTING PAGE: GET / with {} and HTTP headers {}
D, [2015-09-04T16:20:49.115757 #2037] DEBUG -- : REQUESTING PAGE: POST /juego with {"nombre_jugador1"=>"HIRO", "rol_jugador1"=>"Seleccione", "nombre_jugador2"=>"EDSON", "rol_jugador2"=>"Seleccione"} and HTTP headers {"HTTP_REFERER"=>"/"}
D, [2015-09-04T16:20:49.168752 #2037] DEBUG -- : REQUESTING PAGE: GET / with {} and HTTP headers {}
D, [2015-09-04T16:20:49.229414 #2037] DEBUG -- : REQUESTING PAGE: POST /juego with {"nombre_jugador1"=>"HIRO", "rol_jugador1"=>"Seleccione", "nombre_jugador2"=>"EDSON", "rol_jugador2"=>"Seleccione"} and HTTP headers {"HTTP_REFERER"=>"/"}
D, [2015-09-04T16:20:49.272388 #2037] DEBUG -- : REQUESTING PAGE: GET / with {} and HTTP headers {}
D, [2015-09-04T16:20:49.292557 #2037] DEBUG -- : REQUESTING PAGE: POST /juego with {"nombre_jugador1"=>"HIRO", "rol_jugador1"=>"Seleccione", "nombre_jugador2"=>"EDSON", "rol_jugador2"=>"Seleccione"} and HTTP headers {"HTTP_REFERER"=>"/"}
D, [2015-09-04T16:20:49.327508 #2037] DEBUG -- : REQUESTING PAGE: GET / with {} and HTTP headers {}
D, [2015-09-04T16:20:49.352464 #2037] DEBUG -- : REQUESTING PAGE: POST /juego with {"nombre_jugador1"=>"HIRO", "rol_jugador1"=>"Seleccione", "nombre_jugador2"=>"EDSON", "rol_jugador2"=>"Seleccione"} and HTTP headers {"HTTP_REFERER"=>"/"}
D, [2015-09-04T16:20:49.384168 #2037] DEBUG -- : REQUESTING PAGE: GET / with {} and HTTP headers {}
D, [2015-09-04T16:20:49.415525 #2037] DEBUG -- : REQUESTING PAGE: POST /juego with {"nombre_jugador1"=>"HIRO", "rol_jugador1"=>"Seleccione", "nombre_jugador2"=>"EDSON", "rol_jugador2"=>"Seleccione"} and HTTP headers {"HTTP_REFERER"=>"/"}
D, [2015-09-04T16:20:49.462632 #2037] DEBUG -- : REQUESTING PAGE: GET / with {} and HTTP headers {}
D, [2015-09-04T16:20:49.472775 #2037] DEBUG -- : REQUESTING PAGE: POST /juego with {"nombre_jugador1"=>"HIRO", "rol_jugador1"=>"Seleccione", "nombre_jugador2"=>"EDSON", "rol_jugador2"=>"Seleccione"} and HTTP headers {"HTTP_REFERER"=>"/"}
D, [2015-09-04T16:20:49.505336 #2037] DEBUG -- : REQUESTING PAGE: GET / with {} and HTTP headers {}
D, [2015-09-04T16:20:49.515743 #2037] DEBUG -- : REQUESTING PAGE: POST /juego with {"nombre_jugador1"=>"HIRO", "rol_jugador1"=>"Seleccione", "nombre_jugador2"=>"EDSON", "rol_jugador2"=>"Seleccione"} and HTTP headers {"HTTP_REFERER"=>"/"}
D, [2015-09-04T16:20:49.552350 #2037] DEBUG -- : REQUESTING PAGE: GET / with {} and HTTP headers {}
D, [2015-09-04T16:20:49.587567 #2037] DEBUG -- : REQUESTING PAGE: POST /juego with {"nombre_jugador1"=>"HIRO", "rol_jugador1"=>"Seleccione", "nombre_jugador2"=>"EDSON", "rol_jugador2"=>"Seleccione"} and HTTP headers {"HTTP_REFERER"=>"/"}
D, [2015-09-04T16:20:49.629135 #2037] DEBUG -- : REQUESTING PAGE: POST /resultado with "nombre_ganador=CRUZ" and HTTP headers {}
D, [2015-09-04T16:24:38.475502 #2052] DEBUG -- : REQUESTING PAGE: GET / with {} and HTTP headers {}
D, [2015-09-04T16:24:38.635483 #2052] DEBUG -- : REQUESTING PAGE: GET / with {} and HTTP headers {}
D, [2015-09-04T16:24:38.649917 #2052] DEBUG -- : REQUESTING PAGE: GET / with {} and HTTP headers {}
D, [2015-09-04T16:24:38.669638 #2052] DEBUG -- : REQUESTING PAGE: GET / with {} and HTTP headers {}
D, [2015-09-04T16:24:38.687132 #2052] DEBUG -- : REQUESTING PAGE: POST /juego with {"nombre_jugador1"=>"HIRO", "rol_jugador1"=>"Seleccione", "nombre_jugador2"=>"EDSON", "rol_jugador2"=>"Seleccione"} and HTTP headers {"HTTP_REFERER"=>"/"}
D, [2015-09-04T16:24:38.720413 #2052] DEBUG -- : REQUESTING PAGE: GET / with {} and HTTP headers {}
D, [2015-09-04T16:24:38.786013 #2052] DEBUG -- : REQUESTING PAGE: POST /juego with {"nombre_jugador1"=>"HIRO", "rol_jugador1"=>"Seleccione", "nombre_jugador2"=>"EDSON", "rol_jugador2"=>"Seleccione"} and HTTP headers {"HTTP_REFERER"=>"/"}
D, [2015-09-04T16:24:38.820373 #2052] DEBUG -- : REQUESTING PAGE: POST /juego with "nombre_jugador1=VEGA" and HTTP headers {}
D, [2015-09-04T16:24:40.039159 #2052] DEBUG -- : REQUESTING PAGE: GET / with {} and HTTP headers {}
D, [2015-09-04T16:24:40.064754 #2052] DEBUG -- : REQUESTING PAGE: POST /juego with {"nombre_jugador1"=>"HIRO", "rol_jugador1"=>"Seleccione", "nombre_jugador2"=>"EDSON", "rol_jugador2"=>"Seleccione"} and HTTP headers {"HTTP_REFERER"=>"/"}
D, [2015-09-04T16:24:40.110148 #2052] DEBUG -- : REQUESTING PAGE: GET / with {} and HTTP headers {}
D, [2015-09-04T16:24:40.125422 #2052] DEBUG -- : REQUESTING PAGE: POST /juego with {"nombre_jugador1"=>"HIRO", "rol_jugador1"=>"Seleccione", "nombre_jugador2"=>"EDSON", "rol_jugador2"=>"Seleccione"} and HTTP headers {"HTTP_REFERER"=>"/"}
D, [2015-09-04T16:24:40.155234 #2052] DEBUG -- : REQUESTING PAGE: GET / with {} and HTTP headers {}
D, [2015-09-04T16:24:40.175292 #2052] DEBUG -- : REQUESTING PAGE: POST /juego with {"nombre_jugador1"=>"HIRO", "rol_jugador1"=>"Seleccione", "nombre_jugador2"=>"EDSON", "rol_jugador2"=>"Seleccione"} and HTTP headers {"HTTP_REFERER"=>"/"}
D, [2015-09-04T16:24:40.202626 #2052] DEBUG -- : REQUESTING PAGE: GET / with {} and HTTP headers {}
D, [2015-09-04T16:24:40.219231 #2052] DEBUG -- : REQUESTING PAGE: POST /juego with {"nombre_jugador1"=>"HIRO", "rol_jugador1"=>"Seleccione", "nombre_jugador2"=>"EDSON", "rol_jugador2"=>"Seleccione"} and HTTP headers {"HTTP_REFERER"=>"/"}
D, [2015-09-04T16:24:40.282448 #2052] DEBUG -- : REQUESTING PAGE: GET / with {} and HTTP headers {}
D, [2015-09-04T16:24:40.306953 #2052] DEBUG -- : REQUESTING PAGE: POST /juego with {"nombre_jugador1"=>"HIRO", "rol_jugador1"=>"Seleccione", "nombre_jugador2"=>"EDSON", "rol_jugador2"=>"Seleccione"} and HTTP headers {"HTTP_REFERER"=>"/"}
D, [2015-09-04T16:24:40.331264 #2052] DEBUG -- : REQUESTING PAGE: GET / with {} and HTTP headers {}
D, [2015-09-04T16:24:40.343357 #2052] DEBUG -- : REQUESTING PAGE: POST /juego with {"nombre_jugador1"=>"HIRO", "rol_jugador1"=>"Seleccione", "nombre_jugador2"=>"EDSON", "rol_jugador2"=>"Seleccione"} and HTTP headers {"HTTP_REFERER"=>"/"}
D, [2015-09-04T16:24:40.367981 #2052] DEBUG -- : REQUESTING PAGE: GET / with {} and HTTP headers {}
D, [2015-09-04T16:24:40.375965 #2052] DEBUG -- : REQUESTING PAGE: POST /juego with {"nombre_jugador1"=>"HIRO", "rol_jugador1"=>"Seleccione", "nombre_jugador2"=>"EDSON", "rol_jugador2"=>"Seleccione"} and HTTP headers {"HTTP_REFERER"=>"/"}
D, [2015-09-04T16:24:40.402953 #2052] DEBUG -- : REQUESTING PAGE: GET / with {} and HTTP headers {}
D, [2015-09-04T16:24:40.411473 #2052] DEBUG -- : REQUESTING PAGE: POST /juego with {"nombre_jugador1"=>"HIRO", "rol_jugador1"=>"Seleccione", "nombre_jugador2"=>"EDSON", "rol_jugador2"=>"Seleccione"} and HTTP headers {"HTTP_REFERER"=>"/"}
D, [2015-09-04T16:24:40.435459 #2052] DEBUG -- : REQUESTING PAGE: GET / with {} and HTTP headers {}
D, [2015-09-04T16:24:40.452673 #2052] DEBUG -- : REQUESTING PAGE: POST /juego with {"nombre_jugador1"=>"HIRO", "rol_jugador1"=>"Seleccione", "nombre_jugador2"=>"EDSON", "rol_jugador2"=>"Seleccione"} and HTTP headers {"HTTP_REFERER"=>"/"}
D, [2015-09-04T16:24:40.482948 #2052] DEBUG -- : REQUESTING PAGE: POST /resultado with "nombre_ganador=CRUZ" and HTTP headers {}
D, [2015-09-04T16:26:28.141401 #2055] DEBUG -- : REQUESTING PAGE: GET / with {} and HTTP headers {}
D, [2015-09-04T16:26:28.301210 #2055] DEBUG -- : REQUESTING PAGE: GET / with {} and HTTP headers {}
D, [2015-09-04T16:26:28.314203 #2055] DEBUG -- : REQUESTING PAGE: GET / with {} and HTTP headers {}
D, [2015-09-04T16:26:28.327168 #2055] DEBUG -- : REQUESTING PAGE: GET / with {} and HTTP headers {}
D, [2015-09-04T16:26:28.350485 #2055] DEBUG -- : REQUESTING PAGE: POST /juego with {"nombre_jugador1"=>"HIRO", "rol_jugador1"=>"Seleccione", "nombre_jugador2"=>"EDSON", "rol_jugador2"=>"Seleccione"} and HTTP headers {"HTTP_REFERER"=>"/"}
D, [2015-09-04T16:26:28.381410 #2055] DEBUG -- : REQUESTING PAGE: GET / with {} and HTTP headers {}
D, [2015-09-04T16:26:28.444675 #2055] DEBUG -- : REQUESTING PAGE: POST /juego with {"nombre_jugador1"=>"HIRO", "rol_jugador1"=>"Seleccione", "nombre_jugador2"=>"EDSON", "rol_jugador2"=>"Seleccione"} and HTTP headers {"HTTP_REFERER"=>"/"}
D, [2015-09-04T16:26:28.463342 #2055] DEBUG -- : REQUESTING PAGE: POST /juego with "nombre_jugador1=VEGA" and HTTP headers {}
D, [2015-09-04T16:26:29.680709 #2055] DEBUG -- : REQUESTING PAGE: GET / with {} and HTTP headers {}
D, [2015-09-04T16:26:29.709826 #2055] DEBUG -- : REQUESTING PAGE: POST /juego with {"nombre_jugador1"=>"HIRO", "rol_jugador1"=>"Seleccione", "nombre_jugador2"=>"EDSON", "rol_jugador2"=>"Seleccione"} and HTTP headers {"HTTP_REFERER"=>"/"}
D, [2015-09-04T16:26:29.751524 #2055] DEBUG -- : REQUESTING PAGE: POST /juego with "nombre_jugador2=DE LA CRUZ" and HTTP headers {}
D, [2015-09-04T16:26:31.136555 #2055] DEBUG -- : REQUESTING PAGE: GET / with {} and HTTP headers {}
D, [2015-09-04T16:26:31.151864 #2055] DEBUG -- : REQUESTING PAGE: POST /juego with {"nombre_jugador1"=>"HIRO", "rol_jugador1"=>"Seleccione", "nombre_jugador2"=>"EDSON", "rol_jugador2"=>"Seleccione"} and HTTP headers {"HTTP_REFERER"=>"/"}
D, [2015-09-04T16:26:31.185042 #2055] DEBUG -- : REQUESTING PAGE: GET / with {} and HTTP headers {}
D, [2015-09-04T16:26:31.209026 #2055] DEBUG -- : REQUESTING PAGE: POST /juego with {"nombre_jugador1"=>"HIRO", "rol_jugador1"=>"Seleccione", "nombre_jugador2"=>"EDSON", "rol_jugador2"=>"Seleccione"} and HTTP headers {"HTTP_REFERER"=>"/"}
D, [2015-09-04T16:26:31.241326 #2055] DEBUG -- : REQUESTING PAGE: GET / with {} and HTTP headers {}
D, [2015-09-04T16:26:31.248892 #2055] DEBUG -- : REQUESTING PAGE: POST /juego with {"nombre_jugador1"=>"HIRO", "rol_jugador1"=>"Seleccione", "nombre_jugador2"=>"EDSON", "rol_jugador2"=>"Seleccione"} and HTTP headers {"HTTP_REFERER"=>"/"}
D, [2015-09-04T16:26:31.276069 #2055] DEBUG -- : REQUESTING PAGE: GET / with {} and HTTP headers {}
D, [2015-09-04T16:26:31.284539 #2055] DEBUG -- : REQUESTING PAGE: POST /juego with {"nombre_jugador1"=>"HIRO", "rol_jugador1"=>"Seleccione", "nombre_jugador2"=>"EDSON", "rol_jugador2"=>"Seleccione"} and HTTP headers {"HTTP_REFERER"=>"/"}
D, [2015-09-04T16:26:31.297722 #2055] DEBUG -- : REQUESTING PAGE: GET / with {} and HTTP headers {}
D, [2015-09-04T16:26:31.319589 #2055] DEBUG -- : REQUESTING PAGE: POST /juego with {"nombre_jugador1"=>"HIRO", "rol_jugador1"=>"Seleccione", "nombre_jugador2"=>"EDSON", "rol_jugador2"=>"Seleccione"} and HTTP headers {"HTTP_REFERER"=>"/"}
D, [2015-09-04T16:26:31.331640 #2055] DEBUG -- : REQUESTING PAGE: GET / with {} and HTTP headers {}
D, [2015-09-04T16:26:31.351916 #2055] DEBUG -- : REQUESTING PAGE: POST /juego with {"nombre_jugador1"=>"HIRO", "rol_jugador1"=>"Seleccione", "nombre_jugador2"=>"EDSON", "rol_jugador2"=>"Seleccione"} and HTTP headers {"HTTP_REFERER"=>"/"}
D, [2015-09-04T16:26:31.371793 #2055] DEBUG -- : REQUESTING PAGE: GET / with {} and HTTP headers {}
D, [2015-09-04T16:26:31.388283 #2055] DEBUG -- : REQUESTING PAGE: POST /juego with {"nombre_jugador1"=>"HIRO", "rol_jugador1"=>"Seleccione", "nombre_jugador2"=>"EDSON", "rol_jugador2"=>"Seleccione"} and HTTP headers {"HTTP_REFERER"=>"/"}
D, [2015-09-04T16:26:31.414027 #2055] DEBUG -- : REQUESTING PAGE: POST /resultado with "nombre_ganador=CRUZ" and HTTP headers {}
D, [2015-09-04T16:27:55.869667 #2061] DEBUG -- : REQUESTING PAGE: GET / with {} and HTTP headers {}
D, [2015-09-04T16:27:56.025979 #2061] DEBUG -- : REQUESTING PAGE: GET / with {} and HTTP headers {}
D, [2015-09-04T16:27:56.038561 #2061] DEBUG -- : REQUESTING PAGE: GET / with {} and HTTP headers {}
D, [2015-09-04T16:27:56.060678 #2061] DEBUG -- : REQUESTING PAGE: GET / with {} and HTTP headers {}
D, [2015-09-04T16:27:56.076331 #2061] DEBUG -- : REQUESTING PAGE: POST /juego with {"nombre_jugador1"=>"HIRO", "rol_jugador1"=>"Seleccione", "nombre_jugador2"=>"EDSON", "rol_jugador2"=>"Seleccione"} and HTTP headers {"HTTP_REFERER"=>"/"}
D, [2015-09-04T16:27:56.119438 #2061] DEBUG -- : REQUESTING PAGE: GET / with {} and HTTP headers {}
D, [2015-09-04T16:27:56.194834 #2061] DEBUG -- : REQUESTING PAGE: POST /juego with {"nombre_jugador1"=>"HIRO", "rol_jugador1"=>"Seleccione", "nombre_jugador2"=>"EDSON", "rol_jugador2"=>"Seleccione"} and HTTP headers {"HTTP_REFERER"=>"/"}
D, [2015-09-04T16:27:56.217964 #2061] DEBUG -- : REQUESTING PAGE: POST /juego with "nombre_jugador1=VEGA&rol_jugador1=BA" and HTTP headers {}
D, [2015-09-04T16:27:57.552772 #2061] DEBUG -- : REQUESTING PAGE: POST /juego with "nombre_jugador1=VEGA&rol_jugador1=BA" and HTTP headers {}
D, [2015-09-04T16:27:58.725617 #2061] DEBUG -- : REQUESTING PAGE: POST /juego with "nombre_jugador2=DE LA CRUZ&rol_jugador2=BA" and HTTP headers {}
D, [2015-09-04T16:27:59.872928 #2061] DEBUG -- : REQUESTING PAGE: GET / with {} and HTTP headers {}
D, [2015-09-04T16:27:59.888756 #2061] DEBUG -- : REQUESTING PAGE: POST /juego with {"nombre_jugador1"=>"HIRO", "rol_jugador1"=>"Seleccione", "nombre_jugador2"=>"EDSON", "rol_jugador2"=>"Seleccione"} and HTTP headers {"HTTP_REFERER"=>"/"}
D, [2015-09-04T16:27:59.936516 #2061] DEBUG -- : REQUESTING PAGE: GET / with {} and HTTP headers {}
D, [2015-09-04T16:27:59.956238 #2061] DEBUG -- : REQUESTING PAGE: POST /juego with {"nombre_jugador1"=>"HIRO", "rol_jugador1"=>"Seleccione", "nombre_jugador2"=>"EDSON", "rol_jugador2"=>"Seleccione"} and HTTP headers {"HTTP_REFERER"=>"/"}
D, [2015-09-04T16:27:59.991291 #2061] DEBUG -- : REQUESTING PAGE: GET / with {} and HTTP headers {}
D, [2015-09-04T16:28:00.006539 #2061] DEBUG -- : REQUESTING PAGE: POST /juego with {"nombre_jugador1"=>"HIRO", "rol_jugador1"=>"Seleccione", "nombre_jugador2"=>"EDSON", "rol_jugador2"=>"Seleccione"} and HTTP headers {"HTTP_REFERER"=>"/"}
D, [2015-09-04T16:28:00.035998 #2061] DEBUG -- : REQUESTING PAGE: GET / with {} and HTTP headers {}
D, [2015-09-04T16:28:00.043598 #2061] DEBUG -- : REQUESTING PAGE: POST /juego with {"nombre_jugador1"=>"HIRO", "rol_jugador1"=>"Seleccione", "nombre_jugador2"=>"EDSON", "rol_jugador2"=>"Seleccione"} and HTTP headers {"HTTP_REFERER"=>"/"}
D, [2015-09-04T16:28:00.068359 #2061] DEBUG -- : REQUESTING PAGE: GET / with {} and HTTP headers {}
D, [2015-09-04T16:28:00.080067 #2061] DEBUG -- : REQUESTING PAGE: POST /juego with {"nombre_jugador1"=>"HIRO", "rol_jugador1"=>"Seleccione", "nombre_jugador2"=>"EDSON", "rol_jugador2"=>"Seleccione"} and HTTP headers {"HTTP_REFERER"=>"/"}
D, [2015-09-04T16:28:00.136505 #2061] DEBUG -- : REQUESTING PAGE: GET / with {} and HTTP headers {}
D, [2015-09-04T16:28:00.146622 #2061] DEBUG -- : REQUESTING PAGE: POST /juego with {"nombre_jugador1"=>"HIRO", "rol_jugador1"=>"Seleccione", "nombre_jugador2"=>"EDSON", "rol_jugador2"=>"Seleccione"} and HTTP headers {"HTTP_REFERER"=>"/"}
D, [2015-09-04T16:28:00.161024 #2061] DEBUG -- : REQUESTING PAGE: GET / with {} and HTTP headers {}
D, [2015-09-04T16:28:00.183766 #2061] DEBUG -- : REQUESTING PAGE: POST /juego with {"nombre_jugador1"=>"HIRO", "rol_jugador1"=>"Seleccione", "nombre_jugador2"=>"EDSON", "rol_jugador2"=>"Seleccione"} and HTTP headers {"HTTP_REFERER"=>"/"}
D, [2015-09-04T16:28:00.197748 #2061] DEBUG -- : REQUESTING PAGE: POST /resultado with "nombre_ganador=CRUZ" and HTTP headers {}
D, [2015-09-04T16:28:38.768986 #2064] DEBUG -- : REQUESTING PAGE: GET / with {} and HTTP headers {}
D, [2015-09-04T16:28:38.940599 #2064] DEBUG -- : REQUESTING PAGE: GET / with {} and HTTP headers {}
D, [2015-09-04T16:28:38.954898 #2064] DEBUG -- : REQUESTING PAGE: GET / with {} and HTTP headers {}
D, [2015-09-04T16:28:38.984682 #2064] DEBUG -- : REQUESTING PAGE: GET / with {} and HTTP headers {}
D, [2015-09-04T16:28:39.008847 #2064] DEBUG -- : REQUESTING PAGE: POST /juego with {"nombre_jugador1"=>"HIRO", "rol_jugador1"=>"Seleccione", "nombre_jugador2"=>"EDSON", "rol_jugador2"=>"Seleccione"} and HTTP headers {"HTTP_REFERER"=>"/"}
D, [2015-09-04T16:28:39.048475 #2064] DEBUG -- : REQUESTING PAGE: GET / with {} and HTTP headers {}
D, [2015-09-04T16:28:39.123350 #2064] DEBUG -- : REQUESTING PAGE: POST /juego with {"nombre_jugador1"=>"HIRO", "rol_jugador1"=>"Seleccione", "nombre_jugador2"=>"EDSON", "rol_jugador2"=>"Seleccione"} and HTTP headers {"HTTP_REFERER"=>"/"}
D, [2015-09-04T16:28:39.158550 #2064] DEBUG -- : REQUESTING PAGE: POST /juego with "nombre_jugador1=VEGA" and HTTP headers {}
D, [2015-09-04T16:28:40.548219 #2064] DEBUG -- : REQUESTING PAGE: POST /juego with "nombre_jugador1=VEGA" and HTTP headers {}
D, [2015-09-04T16:28:41.709576 #2064] DEBUG -- : REQUESTING PAGE: POST /juego with "nombre_jugador2=CRUZ" and HTTP headers {}
D, [2015-09-04T16:28:42.883350 #2064] DEBUG -- : REQUESTING PAGE: GET / with {} and HTTP headers {}
D, [2015-09-04T16:28:42.909977 #2064] DEBUG -- : REQUESTING PAGE: POST /juego with {"nombre_jugador1"=>"HIRO", "rol_jugador1"=>"Seleccione", "nombre_jugador2"=>"EDSON", "rol_jugador2"=>"Seleccione"} and HTTP headers {"HTTP_REFERER"=>"/"}
D, [2015-09-04T16:28:42.945959 #2064] DEBUG -- : REQUESTING PAGE: GET / with {} and HTTP headers {}
D, [2015-09-04T16:28:42.968771 #2064] DEBUG -- : REQUESTING PAGE: POST /juego with {"nombre_jugador1"=>"HIRO", "rol_jugador1"=>"Seleccione", "nombre_jugador2"=>"EDSON", "rol_jugador2"=>"Seleccione"} and HTTP headers {"HTTP_REFERER"=>"/"}
D, [2015-09-04T16:28:42.997432 #2064] DEBUG -- : REQUESTING PAGE: GET / with {} and HTTP headers {}
D, [2015-09-04T16:28:43.006826 #2064] DEBUG -- : REQUESTING PAGE: POST /juego with {"nombre_jugador1"=>"HIRO", "rol_jugador1"=>"Seleccione", "nombre_jugador2"=>"EDSON", "rol_jugador2"=>"Seleccione"} and HTTP headers {"HTTP_REFERER"=>"/"}
D, [2015-09-04T16:28:43.033900 #2064] DEBUG -- : REQUESTING PAGE: GET / with {} and HTTP headers {}
D, [2015-09-04T16:28:43.089055 #2064] DEBUG -- : REQUESTING PAGE: POST /juego with {"nombre_jugador1"=>"HIRO", "rol_jugador1"=>"Seleccione", "nombre_jugador2"=>"EDSON", "rol_jugador2"=>"Seleccione"} and HTTP headers {"HTTP_REFERER"=>"/"}
D, [2015-09-04T16:28:43.103826 #2064] DEBUG -- : REQUESTING PAGE: GET / with {} and HTTP headers {}
D, [2015-09-04T16:28:43.112523 #2064] DEBUG -- : REQUESTING PAGE: POST /juego with {"nombre_jugador1"=>"HIRO", "rol_jugador1"=>"Seleccione", "nombre_jugador2"=>"EDSON", "rol_jugador2"=>"Seleccione"} and HTTP headers {"HTTP_REFERER"=>"/"}
D, [2015-09-04T16:28:43.140019 #2064] DEBUG -- : REQUESTING PAGE: GET / with {} and HTTP headers {}
D, [2015-09-04T16:28:43.149459 #2064] DEBUG -- : REQUESTING PAGE: POST /juego with {"nombre_jugador1"=>"HIRO", "rol_jugador1"=>"Seleccione", "nombre_jugador2"=>"EDSON", "rol_jugador2"=>"Seleccione"} and HTTP headers {"HTTP_REFERER"=>"/"}
D, [2015-09-04T16:28:43.169132 #2064] DEBUG -- : REQUESTING PAGE: GET / with {} and HTTP headers {}
D, [2015-09-04T16:28:43.184467 #2064] DEBUG -- : REQUESTING PAGE: POST /juego with {"nombre_jugador1"=>"HIRO", "rol_jugador1"=>"Seleccione", "nombre_jugador2"=>"EDSON", "rol_jugador2"=>"Seleccione"} and HTTP headers {"HTTP_REFERER"=>"/"}
D, [2015-09-04T16:28:43.213729 #2064] DEBUG -- : REQUESTING PAGE: POST /resultado with "nombre_ganador=CRUZ" and HTTP headers {}
D, [2015-09-04T16:29:08.746908 #2067] DEBUG -- : REQUESTING PAGE: GET / with {} and HTTP headers {}
D, [2015-09-04T16:29:08.917562 #2067] DEBUG -- : REQUESTING PAGE: GET / with {} and HTTP headers {}
D, [2015-09-04T16:29:08.930656 #2067] DEBUG -- : REQUESTING PAGE: GET / with {} and HTTP headers {}
D, [2015-09-04T16:29:08.942923 #2067] DEBUG -- : REQUESTING PAGE: GET / with {} and HTTP headers {}
D, [2015-09-04T16:29:08.968377 #2067] DEBUG -- : REQUESTING PAGE: POST /juego with {"nombre_jugador1"=>"HIRO", "rol_jugador1"=>"Seleccione", "nombre_jugador2"=>"EDSON", "rol_jugador2"=>"Seleccione"} and HTTP headers {"HTTP_REFERER"=>"/"}
D, [2015-09-04T16:29:09.000446 #2067] DEBUG -- : REQUESTING PAGE: GET / with {} and HTTP headers {}
D, [2015-09-04T16:29:09.070695 #2067] DEBUG -- : REQUESTING PAGE: POST /juego with {"nombre_jugador1"=>"HIRO", "rol_jugador1"=>"Seleccione", "nombre_jugador2"=>"EDSON", "rol_jugador2"=>"Seleccione"} and HTTP headers {"HTTP_REFERER"=>"/"}
D, [2015-09-04T16:29:09.094478 #2067] DEBUG -- : REQUESTING PAGE: POST /juego with "nombre_jugador1=VEGA" and HTTP headers {}
D, [2015-09-04T16:29:10.314819 #2067] DEBUG -- : REQUESTING PAGE: POST /juego with "nombre_jugador1=VEGA" and HTTP headers {}
D, [2015-09-04T16:29:11.527685 #2067] DEBUG -- : REQUESTING PAGE: POST /juego with "nombre_jugador2=CRUZ" and HTTP headers {}
D, [2015-09-04T16:29:12.701358 #2067] DEBUG -- : REQUESTING PAGE: GET / with {} and HTTP headers {}
D, [2015-09-04T16:29:12.728736 #2067] DEBUG -- : REQUESTING PAGE: POST /juego with {"nombre_jugador1"=>"HIRO", "rol_jugador1"=>"Seleccione", "nombre_jugador2"=>"EDSON", "rol_jugador2"=>"Seleccione"} and HTTP headers {"HTTP_REFERER"=>"/"}
D, [2015-09-04T16:29:12.780908 #2067] DEBUG -- : REQUESTING PAGE: GET / with {} and HTTP headers {}
D, [2015-09-04T16:29:12.827346 #2067] DEBUG -- : REQUESTING PAGE: POST /juego with {"nombre_jugador1"=>"HIRO", "rol_jugador1"=>"Seleccione", "nombre_jugador2"=>"EDSON", "rol_jugador2"=>"Seleccione"} and HTTP headers {"HTTP_REFERER"=>"/"}
D, [2015-09-04T16:29:12.865492 #2067] DEBUG -- : REQUESTING PAGE: GET / with {} and HTTP headers {}
D, [2015-09-04T16:29:12.911271 #2067] DEBUG -- : REQUESTING PAGE: POST /juego with {"nombre_jugador1"=>"HIRO", "rol_jugador1"=>"Seleccione", "nombre_jugador2"=>"EDSON", "rol_jugador2"=>"Seleccione"} and HTTP headers {"HTTP_REFERER"=>"/"}
D, [2015-09-04T16:29:12.935019 #2067] DEBUG -- : REQUESTING PAGE: GET / with {} and HTTP headers {}
D, [2015-09-04T16:29:12.984278 #2067] DEBUG -- : REQUESTING PAGE: POST /juego with {"nombre_jugador1"=>"HIRO", "rol_jugador1"=>"Seleccione", "nombre_jugador2"=>"EDSON", "rol_jugador2"=>"Seleccione"} and HTTP headers {"HTTP_REFERER"=>"/"}
D, [2015-09-04T16:29:12.999351 #2067] DEBUG -- : REQUESTING PAGE: GET / with {} and HTTP headers {}
D, [2015-09-04T16:29:13.007936 #2067] DEBUG -- : REQUESTING PAGE: POST /juego with {"nombre_jugador1"=>"HIRO", "rol_jugador1"=>"Seleccione", "nombre_jugador2"=>"EDSON", "rol_jugador2"=>"Seleccione"} and HTTP headers {"HTTP_REFERER"=>"/"}
D, [2015-09-04T16:29:13.030719 #2067] DEBUG -- : REQUESTING PAGE: GET / with {} and HTTP headers {}
D, [2015-09-04T16:29:13.040643 #2067] DEBUG -- : REQUESTING PAGE: POST /juego with {"nombre_jugador1"=>"HIRO", "rol_jugador1"=>"Seleccione", "nombre_jugador2"=>"EDSON", "rol_jugador2"=>"Seleccione"} and HTTP headers {"HTTP_REFERER"=>"/"}
D, [2015-09-04T16:29:13.052834 #2067] DEBUG -- : REQUESTING PAGE: GET / with {} and HTTP headers {}
D, [2015-09-04T16:29:13.071621 #2067] DEBUG -- : REQUESTING PAGE: POST /juego with {"nombre_jugador1"=>"HIRO", "rol_jugador1"=>"Seleccione", "nombre_jugador2"=>"EDSON", "rol_jugador2"=>"Seleccione"} and HTTP headers {"HTTP_REFERER"=>"/"}
D, [2015-09-04T16:29:13.085309 #2067] DEBUG -- : REQUESTING PAGE: POST /resultado with "nombre_ganador=CRUZ" and HTTP headers {}
D, [2015-09-04T16:29:37.047304 #2069] DEBUG -- : REQUESTING PAGE: GET / with {} and HTTP headers {}
D, [2015-09-04T16:29:37.172526 #2069] DEBUG -- : REQUESTING PAGE: GET / with {} and HTTP headers {}
D, [2015-09-04T16:29:37.202436 #2069] DEBUG -- : REQUESTING PAGE: GET / with {} and HTTP headers {}
D, [2015-09-04T16:29:37.217942 #2069] DEBUG -- : REQUESTING PAGE: GET / with {} and HTTP headers {}
D, [2015-09-04T16:29:37.246363 #2069] DEBUG -- : REQUESTING PAGE: POST /juego with {"nombre_jugador1"=>"HIRO", "rol_jugador1"=>"Seleccione", "nombre_jugador2"=>"EDSON", "rol_jugador2"=>"Seleccione"} and HTTP headers {"HTTP_REFERER"=>"/"}
D, [2015-09-04T16:29:37.278692 #2069] DEBUG -- : REQUESTING PAGE: GET / with {} and HTTP headers {}
D, [2015-09-04T16:29:37.336642 #2069] DEBUG -- : REQUESTING PAGE: POST /juego with {"nombre_jugador1"=>"HIRO", "rol_jugador1"=>"Seleccione", "nombre_jugador2"=>"EDSON", "rol_jugador2"=>"Seleccione"} and HTTP headers {"HTTP_REFERER"=>"/"}
D, [2015-09-04T16:29:37.357030 #2069] DEBUG -- : REQUESTING PAGE: POST /juego with "nombre_jugador1=VEGA" and HTTP headers {}
D, [2015-09-04T16:29:38.531839 #2069] DEBUG -- : REQUESTING PAGE: POST /juego with "nombre_jugador1=VEGA" and HTTP headers {}
D, [2015-09-04T16:29:39.911164 #2069] DEBUG -- : REQUESTING PAGE: POST /juego with "nombre_jugador2=CRUZ" and HTTP headers {}
D, [2015-09-04T16:29:41.177945 #2069] DEBUG -- : REQUESTING PAGE: GET / with {} and HTTP headers {}
D, [2015-09-04T16:29:41.198621 #2069] DEBUG -- : REQUESTING PAGE: POST /juego with {"nombre_jugador1"=>"HIRO", "rol_jugador1"=>"Seleccione", "nombre_jugador2"=>"EDSON", "rol_jugador2"=>"Seleccione"} and HTTP headers {"HTTP_REFERER"=>"/"}
D, [2015-09-04T16:29:41.250443 #2069] DEBUG -- : REQUESTING PAGE: GET / with {} and HTTP headers {}
D, [2015-09-04T16:29:41.283789 #2069] DEBUG -- : REQUESTING PAGE: POST /juego with {"nombre_jugador1"=>"HIRO", "rol_jugador1"=>"Seleccione", "nombre_jugador2"=>"EDSON", "rol_jugador2"=>"Seleccione"} and HTTP headers {"HTTP_REFERER"=>"/"}
D, [2015-09-04T16:29:41.308973 #2069] DEBUG -- : REQUESTING PAGE: GET / with {} and HTTP headers {}
D, [2015-09-04T16:29:41.318514 #2069] DEBUG -- : REQUESTING PAGE: POST /juego with {"nombre_jugador1"=>"HIRO", "rol_jugador1"=>"Seleccione", "nombre_jugador2"=>"EDSON", "rol_jugador2"=>"Seleccione"} and HTTP headers {"HTTP_REFERER"=>"/"}
D, [2015-09-04T16:29:41.353112 #2069] DEBUG -- : REQUESTING PAGE: GET / with {} and HTTP headers {}
D, [2015-09-04T16:29:41.410205 #2069] DEBUG -- : REQUESTING PAGE: POST /juego with {"nombre_jugador1"=>"HIRO", "rol_jugador1"=>"Seleccione", "nombre_jugador2"=>"EDSON", "rol_jugador2"=>"Seleccione"} and HTTP headers {"HTTP_REFERER"=>"/"}
D, [2015-09-04T16:29:41.424037 #2069] DEBUG -- : REQUESTING PAGE: GET / with {} and HTTP headers {}
D, [2015-09-04T16:29:41.433337 #2069] DEBUG -- : REQUESTING PAGE: POST /juego with {"nombre_jugador1"=>"HIRO", "rol_jugador1"=>"Seleccione", "nombre_jugador2"=>"EDSON", "rol_jugador2"=>"Seleccione"} and HTTP headers {"HTTP_REFERER"=>"/"}
D, [2015-09-04T16:29:41.460681 #2069] DEBUG -- : REQUESTING PAGE: GET / with {} and HTTP headers {}
D, [2015-09-04T16:29:41.470379 #2069] DEBUG -- : REQUESTING PAGE: POST /juego with {"nombre_jugador1"=>"HIRO", "rol_jugador1"=>"Seleccione", "nombre_jugador2"=>"EDSON", "rol_jugador2"=>"Seleccione"} and HTTP headers {"HTTP_REFERER"=>"/"}
D, [2015-09-04T16:29:41.483260 #2069] DEBUG -- : REQUESTING PAGE: GET / with {} and HTTP headers {}
D, [2015-09-04T16:29:41.507408 #2069] DEBUG -- : REQUESTING PAGE: POST /juego with {"nombre_jugador1"=>"HIRO", "rol_jugador1"=>"Seleccione", "nombre_jugador2"=>"EDSON", "rol_jugador2"=>"Seleccione"} and HTTP headers {"HTTP_REFERER"=>"/"}
D, [2015-09-04T16:29:41.533172 #2069] DEBUG -- : REQUESTING PAGE: POST /resultado with "nombre_ganador=CRUZ" and HTTP headers {}
D, [2015-09-04T16:30:26.170364 #2072] DEBUG -- : REQUESTING PAGE: GET / with {} and HTTP headers {}
D, [2015-09-04T16:30:26.315823 #2072] DEBUG -- : REQUESTING PAGE: GET / with {} and HTTP headers {}
D, [2015-09-04T16:30:26.348534 #2072] DEBUG -- : REQUESTING PAGE: GET / with {} and HTTP headers {}
D, [2015-09-04T16:30:26.362157 #2072] DEBUG -- : REQUESTING PAGE: GET / with {} and HTTP headers {}
D, [2015-09-04T16:30:26.384329 #2072] DEBUG -- : REQUESTING PAGE: POST /juego with {"nombre_jugador1"=>"HIRO", "rol_jugador1"=>"Seleccione", "nombre_jugador2"=>"EDSON", "rol_jugador2"=>"Seleccione"} and HTTP headers {"HTTP_REFERER"=>"/"}
D, [2015-09-04T16:30:26.417926 #2072] DEBUG -- : REQUESTING PAGE: GET / with {} and HTTP headers {}
D, [2015-09-04T16:30:26.484831 #2072] DEBUG -- : REQUESTING PAGE: POST /juego with {"nombre_jugador1"=>"HIRO", "rol_jugador1"=>"Seleccione", "nombre_jugador2"=>"EDSON", "rol_jugador2"=>"Seleccione"} and HTTP headers {"HTTP_REFERER"=>"/"}
D, [2015-09-04T16:30:26.524738 #2072] DEBUG -- : REQUESTING PAGE: POST /juego with "nombre_jugador1=VEGA" and HTTP headers {}
D, [2015-09-04T16:30:27.759340 #2072] DEBUG -- : REQUESTING PAGE: POST /juego with "nombre_jugador2=CRUZ" and HTTP headers {}
D, [2015-09-04T16:30:29.145700 #2072] DEBUG -- : REQUESTING PAGE: GET / with {} and HTTP headers {}
D, [2015-09-04T16:30:29.176603 #2072] DEBUG -- : REQUESTING PAGE: POST /juego with {"nombre_jugador1"=>"HIRO", "rol_jugador1"=>"Seleccione", "nombre_jugador2"=>"EDSON", "rol_jugador2"=>"Seleccione"} and HTTP headers {"HTTP_REFERER"=>"/"}
D, [2015-09-04T16:30:29.231217 #2072] DEBUG -- : REQUESTING PAGE: GET / with {} and HTTP headers {}
D, [2015-09-04T16:30:29.249924 #2072] DEBUG -- : REQUESTING PAGE: POST /juego with {"nombre_jugador1"=>"HIRO", "rol_jugador1"=>"Seleccione", "nombre_jugador2"=>"EDSON", "rol_jugador2"=>"Seleccione"} and HTTP headers {"HTTP_REFERER"=>"/"}
D, [2015-09-04T16:30:29.284269 #2072] DEBUG -- : REQUESTING PAGE: GET / with {} and HTTP headers {}
D, [2015-09-04T16:30:29.301952 #2072] DEBUG -- : REQUESTING PAGE: POST /juego with {"nombre_jugador1"=>"HIRO", "rol_jugador1"=>"Seleccione", "nombre_jugador2"=>"EDSON", "rol_jugador2"=>"Seleccione"} and HTTP headers {"HTTP_REFERER"=>"/"}
D, [2015-09-04T16:30:29.324786 #2072] DEBUG -- : REQUESTING PAGE: GET / with {} and HTTP headers {}
D, [2015-09-04T16:30:29.335052 #2072] DEBUG -- : REQUESTING PAGE: POST /juego with {"nombre_jugador1"=>"HIRO", "rol_jugador1"=>"Seleccione", "nombre_jugador2"=>"EDSON", "rol_jugador2"=>"Seleccione"} and HTTP headers {"HTTP_REFERER"=>"/"}
D, [2015-09-04T16:30:29.366772 #2072] DEBUG -- : REQUESTING PAGE: GET / with {} and HTTP headers {}
D, [2015-09-04T16:30:29.391664 #2072] DEBUG -- : REQUESTING PAGE: POST /juego with {"nombre_jugador1"=>"HIRO", "rol_jugador1"=>"Seleccione", "nombre_jugador2"=>"EDSON", "rol_jugador2"=>"Seleccione"} and HTTP headers {"HTTP_REFERER"=>"/"}
D, [2015-09-04T16:30:29.423084 #2072] DEBUG -- : REQUESTING PAGE: GET / with {} and HTTP headers {}
D, [2015-09-04T16:30:29.432272 #2072] DEBUG -- : REQUESTING PAGE: POST /juego with {"nombre_jugador1"=>"HIRO", "rol_jugador1"=>"Seleccione", "nombre_jugador2"=>"EDSON", "rol_jugador2"=>"Seleccione"} and HTTP headers {"HTTP_REFERER"=>"/"}
D, [2015-09-04T16:30:29.462495 #2072] DEBUG -- : REQUESTING PAGE: GET / with {} and HTTP headers {}
D, [2015-09-04T16:30:29.486629 #2072] DEBUG -- : REQUESTING PAGE: POST /juego with {"nombre_jugador1"=>"HIRO", "rol_jugador1"=>"Seleccione", "nombre_jugador2"=>"EDSON", "rol_jugador2"=>"Seleccione"} and HTTP headers {"HTTP_REFERER"=>"/"}
D, [2015-09-04T16:30:29.516825 #2072] DEBUG -- : REQUESTING PAGE: POST /resultado with "nombre_ganador=CRUZ" and HTTP headers {}
D, [2015-09-04T16:30:41.438355 #2075] DEBUG -- : REQUESTING PAGE: GET / with {} and HTTP headers {}
D, [2015-09-04T16:30:41.605661 #2075] DEBUG -- : REQUESTING PAGE: GET / with {} and HTTP headers {}
D, [2015-09-04T16:30:41.623740 #2075] DEBUG -- : REQUESTING PAGE: GET / with {} and HTTP headers {}
D, [2015-09-04T16:30:41.635751 #2075] DEBUG -- : REQUESTING PAGE: GET / with {} and HTTP headers {}
D, [2015-09-04T16:30:41.661207 #2075] DEBUG -- : REQUESTING PAGE: POST /juego with {"nombre_jugador1"=>"HIRO", "rol_jugador1"=>"Seleccione", "nombre_jugador2"=>"EDSON", "rol_jugador2"=>"Seleccione"} and HTTP headers {"HTTP_REFERER"=>"/"}
D, [2015-09-04T16:30:41.700017 #2075] DEBUG -- : REQUESTING PAGE: GET / with {} and HTTP headers {}
D, [2015-09-04T16:30:41.765796 #2075] DEBUG -- : REQUESTING PAGE: POST /juego with {"nombre_jugador1"=>"HIRO", "rol_jugador1"=>"Seleccione", "nombre_jugador2"=>"EDSON", "rol_jugador2"=>"Seleccione"} and HTTP headers {"HTTP_REFERER"=>"/"}
D, [2015-09-04T16:30:41.804682 #2075] DEBUG -- : REQUESTING PAGE: GET / with {} and HTTP headers {}
D, [2015-09-04T16:30:41.814304 #2075] DEBUG -- : REQUESTING PAGE: POST /juego with {"nombre_jugador1"=>"HIRO", "rol_jugador1"=>"Seleccione", "nombre_jugador2"=>"EDSON", "rol_jugador2"=>"Seleccione"} and HTTP headers {"HTTP_REFERER"=>"/"}
D, [2015-09-04T16:30:41.847353 #2075] DEBUG -- : REQUESTING PAGE: GET / with {} and HTTP headers {}
D, [2015-09-04T16:30:41.865109 #2075] DEBUG -- : REQUESTING PAGE: POST /juego with {"nombre_jugador1"=>"HIRO", "rol_jugador1"=>"Seleccione", "nombre_jugador2"=>"EDSON", "rol_jugador2"=>"Seleccione"} and HTTP headers {"HTTP_REFERER"=>"/"}
D, [2015-09-04T16:30:41.892036 #2075] DEBUG -- : REQUESTING PAGE: GET / with {} and HTTP headers {}
D, [2015-09-04T16:30:41.935705 #2075] DEBUG -- : REQUESTING PAGE: POST /juego with {"nombre_jugador1"=>"HIRO", "rol_jugador1"=>"Seleccione", "nombre_jugador2"=>"EDSON", "rol_jugador2"=>"Seleccione"} and HTTP headers {"HTTP_REFERER"=>"/"}
D, [2015-09-04T16:30:41.964845 #2075] DEBUG -- : REQUESTING PAGE: GET / with {} and HTTP headers {}
D, [2015-09-04T16:30:41.977994 #2075] DEBUG -- : REQUESTING PAGE: POST /juego with {"nombre_jugador1"=>"HIRO", "rol_jugador1"=>"Seleccione", "nombre_jugador2"=>"EDSON", "rol_jugador2"=>"Seleccione"} and HTTP headers {"HTTP_REFERER"=>"/"}
D, [2015-09-04T16:30:42.011235 #2075] DEBUG -- : REQUESTING PAGE: GET / with {} and HTTP headers {}
D, [2015-09-04T16:30:42.035931 #2075] DEBUG -- : REQUESTING PAGE: POST /juego with {"nombre_jugador1"=>"HIRO", "rol_jugador1"=>"Seleccione", "nombre_jugador2"=>"EDSON", "rol_jugador2"=>"Seleccione"} and HTTP headers {"HTTP_REFERER"=>"/"}
D, [2015-09-04T16:30:42.067575 #2075] DEBUG -- : REQUESTING PAGE: GET / with {} and HTTP headers {}
D, [2015-09-04T16:30:42.085451 #2075] DEBUG -- : REQUESTING PAGE: POST /juego with {"nombre_jugador1"=>"HIRO", "rol_jugador1"=>"Seleccione", "nombre_jugador2"=>"EDSON", "rol_jugador2"=>"Seleccione"} and HTTP headers {"HTTP_REFERER"=>"/"}
D, [2015-09-04T16:30:42.126050 #2075] DEBUG -- : REQUESTING PAGE: GET / with {} and HTTP headers {}
D, [2015-09-04T16:30:42.171174 #2075] DEBUG -- : REQUESTING PAGE: POST /juego with {"nombre_jugador1"=>"HIRO", "rol_jugador1"=>"Seleccione", "nombre_jugador2"=>"EDSON", "rol_jugador2"=>"Seleccione"} and HTTP headers {"HTTP_REFERER"=>"/"}
D, [2015-09-04T16:30:42.206177 #2075] DEBUG -- : REQUESTING PAGE: POST /resultado with "nombre_ganador=CRUZ" and HTTP headers {}
D, [2015-09-04T16:31:07.875245 #2078] DEBUG -- : REQUESTING PAGE: GET / with {} and HTTP headers {}
D, [2015-09-04T16:31:08.037385 #2078] DEBUG -- : REQUESTING PAGE: GET / with {} and HTTP headers {}
D, [2015-09-04T16:31:08.052289 #2078] DEBUG -- : REQUESTING PAGE: GET / with {} and HTTP headers {}
D, [2015-09-04T16:31:08.067474 #2078] DEBUG -- : REQUESTING PAGE: GET / with {} and HTTP headers {}
D, [2015-09-04T16:31:08.097480 #2078] DEBUG -- : REQUESTING PAGE: POST /juego with {"nombre_jugador1"=>"HIRO", "rol_jugador1"=>"Seleccione", "nombre_jugador2"=>"EDSON", "rol_jugador2"=>"Seleccione"} and HTTP headers {"HTTP_REFERER"=>"/"}
D, [2015-09-04T16:31:08.137628 #2078] DEBUG -- : REQUESTING PAGE: GET / with {} and HTTP headers {}
D, [2015-09-04T16:31:08.210350 #2078] DEBUG -- : REQUESTING PAGE: POST /juego with {"nombre_jugador1"=>"HIRO", "rol_jugador1"=>"Seleccione", "nombre_jugador2"=>"EDSON", "rol_jugador2"=>"Seleccione"} and HTTP headers {"HTTP_REFERER"=>"/"}
D, [2015-09-04T16:31:08.254064 #2078] DEBUG -- : REQUESTING PAGE: GET / with {} and HTTP headers {}
D, [2015-09-04T16:31:08.265263 #2078] DEBUG -- : REQUESTING PAGE: POST /juego with {"nombre_jugador1"=>"HIRO", "rol_jugador1"=>"Seleccione", "nombre_jugador2"=>"EDSON", "rol_jugador2"=>"Seleccione"} and HTTP headers {"HTTP_REFERER"=>"/"}
D, [2015-09-04T16:31:08.299668 #2078] DEBUG -- : REQUESTING PAGE: GET / with {} and HTTP headers {}
D, [2015-09-04T16:31:08.327763 #2078] DEBUG -- : REQUESTING PAGE: POST /juego with {"nombre_jugador1"=>"HIRO", "rol_jugador1"=>"Seleccione", "nombre_jugador2"=>"EDSON", "rol_jugador2"=>"Seleccione"} and HTTP headers {"HTTP_REFERER"=>"/"}
D, [2015-09-04T16:31:08.359330 #2078] DEBUG -- : REQUESTING PAGE: GET / with {} and HTTP headers {}
D, [2015-09-04T16:31:08.387319 #2078] DEBUG -- : REQUESTING PAGE: POST /juego with {"nombre_jugador1"=>"HIRO", "rol_jugador1"=>"Seleccione", "nombre_jugador2"=>"EDSON", "rol_jugador2"=>"Seleccione"} and HTTP headers {"HTTP_REFERER"=>"/"}
D, [2015-09-04T16:31:08.440323 #2078] DEBUG -- : REQUESTING PAGE: GET / with {} and HTTP headers {}
D, [2015-09-04T16:31:08.451941 #2078] DEBUG -- : REQUESTING PAGE: POST /juego with {"nombre_jugador1"=>"HIRO", "rol_jugador1"=>"Seleccione", "nombre_jugador2"=>"EDSON", "rol_jugador2"=>"Seleccione"} and HTTP headers {"HTTP_REFERER"=>"/"}
D, [2015-09-04T16:31:08.497056 #2078] DEBUG -- : REQUESTING PAGE: GET / with {} and HTTP headers {}
D, [2015-09-04T16:31:08.521709 #2078] DEBUG -- : REQUESTING PAGE: POST /juego with {"nombre_jugador1"=>"HIRO", "rol_jugador1"=>"Seleccione", "nombre_jugador2"=>"EDSON", "rol_jugador2"=>"Seleccione"} and HTTP headers {"HTTP_REFERER"=>"/"}
D, [2015-09-04T16:31:08.544612 #2078] DEBUG -- : REQUESTING PAGE: GET / with {} and HTTP headers {}
D, [2015-09-04T16:31:08.564747 #2078] DEBUG -- : REQUESTING PAGE: POST /juego with {"nombre_jugador1"=>"HIRO", "rol_jugador1"=>"Seleccione", "nombre_jugador2"=>"EDSON", "rol_jugador2"=>"Seleccione"} and HTTP headers {"HTTP_REFERER"=>"/"}
D, [2015-09-04T16:31:08.592732 #2078] DEBUG -- : REQUESTING PAGE: POST /resultado with "nombre_ganador=CRUZ" and HTTP headers {}
D, [2015-09-04T16:31:28.060905 #2081] DEBUG -- : REQUESTING PAGE: GET / with {} and HTTP headers {}
D, [2015-09-04T16:31:28.214421 #2081] DEBUG -- : REQUESTING PAGE: GET / with {} and HTTP headers {}
D, [2015-09-04T16:31:28.225926 #2081] DEBUG -- : REQUESTING PAGE: GET / with {} and HTTP headers {}
D, [2015-09-04T16:31:28.238493 #2081] DEBUG -- : REQUESTING PAGE: GET / with {} and HTTP headers {}
D, [2015-09-04T16:31:28.265189 #2081] DEBUG -- : REQUESTING PAGE: POST /juego with {"nombre_jugador1"=>"HIRO", "rol_jugador1"=>"Seleccione", "nombre_jugador2"=>"EDSON", "rol_jugador2"=>"Seleccione"} and HTTP headers {"HTTP_REFERER"=>"/"}
D, [2015-09-04T16:31:28.298443 #2081] DEBUG -- : REQUESTING PAGE: GET / with {} and HTTP headers {}
D, [2015-09-04T16:31:28.367353 #2081] DEBUG -- : REQUESTING PAGE: POST /juego with {"nombre_jugador1"=>"HIRO", "rol_jugador1"=>"Seleccione", "nombre_jugador2"=>"EDSON", "rol_jugador2"=>"Seleccione"} and HTTP headers {"HTTP_REFERER"=>"/"}
D, [2015-09-04T16:31:28.390047 #2081] DEBUG -- : REQUESTING PAGE: GET / with {} and HTTP headers {}
D, [2015-09-04T16:31:28.415133 #2081] DEBUG -- : REQUESTING PAGE: POST /juego with {"nombre_jugador1"=>"HIRO", "rol_jugador1"=>"Seleccione", "nombre_jugador2"=>"EDSON", "rol_jugador2"=>"Seleccione"} and HTTP headers {"HTTP_REFERER"=>"/"}
D, [2015-09-04T16:31:28.430025 #2081] DEBUG -- : REQUESTING PAGE: GET / with {} and HTTP headers {}
D, [2015-09-04T16:31:28.449150 #2081] DEBUG -- : REQUESTING PAGE: POST /juego with {"nombre_jugador1"=>"HIRO", "rol_jugador1"=>"Seleccione", "nombre_jugador2"=>"EDSON", "rol_jugador2"=>"Seleccione"} and HTTP headers {"HTTP_REFERER"=>"/"}
D, [2015-09-04T16:31:28.469396 #2081] DEBUG -- : REQUESTING PAGE: GET / with {} and HTTP headers {}
D, [2015-09-04T16:31:28.497242 #2081] DEBUG -- : REQUESTING PAGE: POST /juego with {"nombre_jugador1"=>"HIRO", "rol_jugador1"=>"Seleccione", "nombre_jugador2"=>"EDSON", "rol_jugador2"=>"Seleccione"} and HTTP headers {"HTTP_REFERER"=>"/"}
D, [2015-09-04T16:31:28.559708 #2081] DEBUG -- : REQUESTING PAGE: GET / with {} and HTTP headers {}
D, [2015-09-04T16:31:28.587007 #2081] DEBUG -- : REQUESTING PAGE: POST /juego with {"nombre_jugador1"=>"HIRO", "rol_jugador1"=>"Seleccione", "nombre_jugador2"=>"EDSON", "rol_jugador2"=>"Seleccione"} and HTTP headers {"HTTP_REFERER"=>"/"}
D, [2015-09-04T16:31:28.618054 #2081] DEBUG -- : REQUESTING PAGE: GET / with {} and HTTP headers {}
D, [2015-09-04T16:31:28.638702 #2081] DEBUG -- : REQUESTING PAGE: POST /juego with {"nombre_jugador1"=>"HIRO", "rol_jugador1"=>"Seleccione", "nombre_jugador2"=>"EDSON", "rol_jugador2"=>"Seleccione"} and HTTP headers {"HTTP_REFERER"=>"/"}
D, [2015-09-04T16:31:28.673871 #2081] DEBUG -- : REQUESTING PAGE: GET / with {} and HTTP headers {}
D, [2015-09-04T16:31:28.685439 #2081] DEBUG -- : REQUESTING PAGE: POST /juego with {"nombre_jugador1"=>"HIRO", "rol_jugador1"=>"Seleccione", "nombre_jugador2"=>"EDSON", "rol_jugador2"=>"Seleccione"} and HTTP headers {"HTTP_REFERER"=>"/"}
D, [2015-09-04T16:31:28.716147 #2081] DEBUG -- : REQUESTING PAGE: POST /resultado with "nombre_ganador=CRUZ" and HTTP headers {}
